2024-10-29 23:37:21.474 [restartedMain] INFO  c.a.b.BoilerplateApplication - Starting BoilerplateApplication using Java 17.0.10 with PID 22560 (D:\boilerplate\boilerplate\target\classes started by Admin in D:\boilerplate\boilerplate)
2024-10-29 23:37:21.476 [restartedMain] INFO  c.a.b.BoilerplateApplication - No active profile set, falling back to 1 default profile: "default"
2024-10-29 23:37:21.511 [restartedMain] INFO  o.s.b.d.e.DevToolsPropertyDefaultsPostProcessor - Devtools property defaults active! Set 'spring.devtools.add-properties' to 'false' to disable
2024-10-29 23:37:21.512 [restartedMain] INFO  o.s.b.d.e.DevToolsPropertyDefaultsPostProcessor - For additional web related logging consider setting the 'logging.level.web' property to 'DEBUG'
2024-10-29 23:37:21.527 [restartedMain] INFO  o.s.b.d.c.l.DockerComposeLifecycleManager - Using Docker Compose file 'D:\boilerplate\boilerplate\compose.yaml'
2024-10-29 23:37:22.847 [restartedMain] INFO  o.s.b.d.c.l.DockerComposeLifecycleManager - There are already Docker Compose services running, skipping startup
2024-10-29 23:37:23.712 [restartedMain] INFO  o.s.d.r.c.RepositoryConfigurationDelegate - Multiple Spring Data modules found, entering strict repository configuration mode
2024-10-29 23:37:23.713 [restartedMain] INFO  o.s.d.r.c.RepositoryConfigurationDelegate - Bootstrapping Spring Data JPA repositories in DEFAULT mode.
2024-10-29 23:37:23.829 [restartedMain] INFO  o.s.d.r.c.RepositoryConfigurationDelegate - Finished Spring Data repository scanning in 110 ms. Found 2 JPA repository interfaces.
2024-10-29 23:37:23.839 [restartedMain] INFO  o.s.d.r.c.RepositoryConfigurationDelegate - Multiple Spring Data modules found, entering strict repository configuration mode
2024-10-29 23:37:23.841 [restartedMain] INFO  o.s.d.r.c.RepositoryConfigurationDelegate - Bootstrapping Spring Data Redis repositories in DEFAULT mode.
2024-10-29 23:37:23.852 [restartedMain] INFO  o.s.d.r.c.RepositoryConfigurationExtensionSupport - Spring Data Redis - Could not safely identify store assignment for repository candidate interface com.app.boilerplate.Repository.TokenRepository; If you want this repository to be a Redis repository, consider annotating your entities with one of these annotations: org.springframework.data.redis.core.RedisHash (preferred), or consider extending one of the following types with your repository: org.springframework.data.keyvalue.repository.KeyValueRepository
2024-10-29 23:37:23.854 [restartedMain] INFO  o.s.d.r.c.RepositoryConfigurationExtensionSupport - Spring Data Redis - Could not safely identify store assignment for repository candidate interface com.app.boilerplate.Repository.UserRepository; If you want this repository to be a Redis repository, consider annotating your entities with one of these annotations: org.springframework.data.redis.core.RedisHash (preferred), or consider extending one of the following types with your repository: org.springframework.data.keyvalue.repository.KeyValueRepository
2024-10-29 23:37:23.855 [restartedMain] INFO  o.s.d.r.c.RepositoryConfigurationDelegate - Finished Spring Data repository scanning in 7 ms. Found 0 Redis repository interfaces.
2024-10-29 23:37:24.486 [restartedMain] INFO  o.s.b.w.e.tomcat.TomcatWebServer - Tomcat initialized with port 8080 (http)
2024-10-29 23:37:24.493 [restartedMain] INFO  o.a.catalina.core.StandardService - Starting service [Tomcat]
2024-10-29 23:37:24.493 [restartedMain] INFO  o.a.catalina.core.StandardEngine - Starting Servlet engine: [Apache Tomcat/10.1.26]
2024-10-29 23:37:24.549 [restartedMain] INFO  o.a.c.c.C.[.[localhost].[/api] - Initializing Spring embedded WebApplicationContext
2024-10-29 23:37:24.549 [restartedMain] INFO  o.s.b.w.s.c.ServletWebServerApplicationContext - Root WebApplicationContext: initialization completed in 1693 ms
2024-10-29 23:37:25.411 [restartedMain] INFO  liquibase.changelog - Reading from `boilerplate-master`.DATABASECHANGELOG
2024-10-29 23:37:25.453 [restartedMain] INFO  liquibase.ui - Database is up to date, no changesets to execute
2024-10-29 23:37:25.456 [restartedMain] INFO  liquibase.changelog - Reading from `boilerplate-master`.DATABASECHANGELOG
2024-10-29 23:37:25.463 [restartedMain] INFO  liquibase.util - UPDATE SUMMARY
2024-10-29 23:37:25.463 [restartedMain] INFO  liquibase.util - Run:                          0
2024-10-29 23:37:25.463 [restartedMain] INFO  liquibase.util - Previously run:              11
2024-10-29 23:37:25.463 [restartedMain] INFO  liquibase.util - Filtered out:                 0
2024-10-29 23:37:25.464 [restartedMain] INFO  liquibase.util - -------------------------------
2024-10-29 23:37:25.464 [restartedMain] INFO  liquibase.util - Total change sets:           11
2024-10-29 23:37:25.464 [restartedMain] INFO  liquibase.util - Update summary generated
2024-10-29 23:37:25.482 [restartedMain] INFO  liquibase.lockservice - Successfully released change log lock
2024-10-29 23:37:25.484 [restartedMain] INFO  liquibase.command - Command execution complete
2024-10-29 23:37:25.550 [restartedMain] INFO  o.h.jpa.internal.util.LogHelper - HHH000204: Processing PersistenceUnitInfo [name: default]
2024-10-29 23:37:25.591 [restartedMain] INFO  org.hibernate.Version - HHH000412: Hibernate ORM core version 6.5.2.Final
2024-10-29 23:37:25.614 [restartedMain] INFO  o.h.c.i.RegionFactoryInitiator - HHH000026: Second-level cache disabled
2024-10-29 23:37:25.852 [restartedMain] INFO  o.s.o.j.p.SpringPersistenceUnitInfo - No LoadTimeWeaver setup: ignoring JPA class transformer
2024-10-29 23:37:25.870 [restartedMain] INFO  com.zaxxer.hikari.HikariDataSource - HikariPool-1 - Starting...
2024-10-29 23:37:25.897 [restartedMain] INFO  com.zaxxer.hikari.pool.HikariPool - HikariPool-1 - Added connection com.mysql.cj.jdbc.ConnectionImpl@3a177b1f
2024-10-29 23:37:25.898 [restartedMain] INFO  com.zaxxer.hikari.HikariDataSource - HikariPool-1 - Start completed.
2024-10-29 23:37:26.718 [restartedMain] INFO  o.h.e.t.j.p.i.JtaPlatformInitiator - HHH000489: No JTA platform available (set 'hibernate.transaction.jta.platform' to enable JTA platform integration)
2024-10-29 23:37:26.745 [restartedMain] INFO  o.s.o.j.LocalContainerEntityManagerFactoryBean - Initialized JPA EntityManagerFactory for persistence unit 'default'
2024-10-29 23:37:27.540 [restartedMain] WARN  o.s.b.a.o.j.JpaBaseConfiguration$JpaWebConfiguration - spring.jpa.open-in-view is enabled by default. Therefore, database queries may be performed during view rendering. Explicitly configure spring.jpa.open-in-view to disable this warning
2024-10-29 23:37:27.569 [restartedMain] INFO  o.s.s.c.a.a.c.InitializeUserDetailsBeanManagerConfigurer$InitializeUserDetailsManagerConfigurer - Global AuthenticationManager configured with UserDetailsService bean with name userDetailsService
2024-10-29 23:37:27.882 [restartedMain] INFO  o.s.b.a.e.web.EndpointLinksResolver - Exposing 1 endpoint beneath base path '/actuator'
2024-10-29 23:37:27.946 [task-1] INFO  c.a.b.Service.Auth.AuthService - → AuthService.jwtDecoder() with argument[s]: []
2024-10-29 23:37:27.964 [task-2] INFO  c.a.b.Service.Auth.AuthService - ← AuthService.jwtDecoder() returned: com.app.boilerplate.Service.Auth.AuthService$$Lambda$2085/0x000001d2b1ce5b58@19c561d2 (execution time: 17 ms)
2024-10-29 23:37:28.495 [restartedMain] INFO  o.s.b.d.a.OptionalLiveReloadServer - LiveReload server is running on port 35729
2024-10-29 23:37:28.560 [restartedMain] INFO  o.s.b.w.e.tomcat.TomcatWebServer - Tomcat started on port 8080 (http) with context path '/api'
2024-10-29 23:37:28.578 [restartedMain] INFO  c.a.b.BoilerplateApplication - Started BoilerplateApplication in 7.471 seconds (process running for 8.1)
2024-10-29 23:37:29.043 [RMI TCP Connection(2)-192.168.100.119] INFO  o.a.c.c.C.[.[localhost].[/api] - Initializing Spring DispatcherServlet 'dispatcherServlet'
2024-10-29 23:37:29.044 [RMI TCP Connection(2)-192.168.100.119] INFO  o.s.web.servlet.DispatcherServlet - Initializing Servlet 'dispatcherServlet'
2024-10-29 23:37:29.045 [RMI TCP Connection(2)-192.168.100.119] INFO  o.s.web.servlet.DispatcherServlet - Completed initialization in 1 ms
2024-10-29 23:38:00.023 [task-3] INFO  c.a.b.Service.Token.TokenService - → TokenService.deleteExpiredTokens() with argument[s]: []
2024-10-29 23:38:00.110 [task-4] INFO  c.a.b.Service.Token.TokenService - ← TokenService.deleteExpiredTokens() returned: null (execution time: 86 ms)
2024-10-29 23:38:37.464 [File Watcher] INFO  o.s.b.d.a.LocalDevToolsAutoConfiguration$RestartingClassPathChangeChangedEventListener - Restarting due to 1 class path change (1 addition, 0 deletions, 0 modifications)
2024-10-29 23:38:37.830 [Thread-17] INFO  o.s.o.j.LocalContainerEntityManagerFactoryBean - Closing JPA EntityManagerFactory for persistence unit 'default'
2024-10-29 23:38:37.833 [Thread-17] INFO  com.zaxxer.hikari.HikariDataSource - HikariPool-1 - Shutdown initiated...
2024-10-29 23:38:37.844 [Thread-17] INFO  com.zaxxer.hikari.HikariDataSource - HikariPool-1 - Shutdown completed.
2024-10-29 23:38:37.921 [restartedMain] INFO  c.a.b.BoilerplateApplication - Starting BoilerplateApplication using Java 17.0.10 with PID 22560 (D:\boilerplate\boilerplate\target\classes started by Admin in D:\boilerplate\boilerplate)
2024-10-29 23:38:37.922 [restartedMain] INFO  c.a.b.BoilerplateApplication - No active profile set, falling back to 1 default profile: "default"
2024-10-29 23:38:37.925 [restartedMain] INFO  o.s.b.d.c.l.DockerComposeLifecycleManager - Using Docker Compose file 'D:\boilerplate\boilerplate\compose.yaml'
2024-10-29 23:38:38.746 [restartedMain] INFO  o.s.b.d.c.l.DockerComposeLifecycleManager - There are already Docker Compose services running, skipping startup
2024-10-29 23:38:39.048 [restartedMain] INFO  o.s.d.r.c.RepositoryConfigurationDelegate - Multiple Spring Data modules found, entering strict repository configuration mode
2024-10-29 23:38:39.048 [restartedMain] INFO  o.s.d.r.c.RepositoryConfigurationDelegate - Bootstrapping Spring Data JPA repositories in DEFAULT mode.
2024-10-29 23:38:39.060 [restartedMain] INFO  o.s.d.r.c.RepositoryConfigurationDelegate - Finished Spring Data repository scanning in 11 ms. Found 2 JPA repository interfaces.
2024-10-29 23:38:39.062 [restartedMain] INFO  o.s.d.r.c.RepositoryConfigurationDelegate - Multiple Spring Data modules found, entering strict repository configuration mode
2024-10-29 23:38:39.062 [restartedMain] INFO  o.s.d.r.c.RepositoryConfigurationDelegate - Bootstrapping Spring Data Redis repositories in DEFAULT mode.
2024-10-29 23:38:39.068 [restartedMain] INFO  o.s.d.r.c.RepositoryConfigurationExtensionSupport - Spring Data Redis - Could not safely identify store assignment for repository candidate interface com.app.boilerplate.Repository.TokenRepository; If you want this repository to be a Redis repository, consider annotating your entities with one of these annotations: org.springframework.data.redis.core.RedisHash (preferred), or consider extending one of the following types with your repository: org.springframework.data.keyvalue.repository.KeyValueRepository
2024-10-29 23:38:39.069 [restartedMain] INFO  o.s.d.r.c.RepositoryConfigurationExtensionSupport - Spring Data Redis - Could not safely identify store assignment for repository candidate interface com.app.boilerplate.Repository.UserRepository; If you want this repository to be a Redis repository, consider annotating your entities with one of these annotations: org.springframework.data.redis.core.RedisHash (preferred), or consider extending one of the following types with your repository: org.springframework.data.keyvalue.repository.KeyValueRepository
2024-10-29 23:38:39.069 [restartedMain] INFO  o.s.d.r.c.RepositoryConfigurationDelegate - Finished Spring Data repository scanning in 6 ms. Found 0 Redis repository interfaces.
2024-10-29 23:38:39.192 [restartedMain] INFO  o.s.b.w.e.tomcat.TomcatWebServer - Tomcat initialized with port 8080 (http)
2024-10-29 23:38:39.192 [restartedMain] INFO  o.a.catalina.core.StandardService - Starting service [Tomcat]
2024-10-29 23:38:39.192 [restartedMain] INFO  o.a.catalina.core.StandardEngine - Starting Servlet engine: [Apache Tomcat/10.1.26]
2024-10-29 23:38:39.216 [restartedMain] INFO  o.a.c.c.C.[.[localhost].[/api] - Initializing Spring embedded WebApplicationContext
2024-10-29 23:38:39.217 [restartedMain] INFO  o.s.b.w.s.c.ServletWebServerApplicationContext - Root WebApplicationContext: initialization completed in 468 ms
2024-10-29 23:38:39.429 [restartedMain] INFO  liquibase.changelog - Reading from `boilerplate-master`.DATABASECHANGELOG
2024-10-29 23:38:39.447 [restartedMain] INFO  liquibase.ui - Database is up to date, no changesets to execute
2024-10-29 23:38:39.449 [restartedMain] INFO  liquibase.changelog - Reading from `boilerplate-master`.DATABASECHANGELOG
2024-10-29 23:38:39.452 [restartedMain] INFO  liquibase.util - UPDATE SUMMARY
2024-10-29 23:38:39.452 [restartedMain] INFO  liquibase.util - Run:                          0
2024-10-29 23:38:39.452 [restartedMain] INFO  liquibase.util - Previously run:              11
2024-10-29 23:38:39.452 [restartedMain] INFO  liquibase.util - Filtered out:                 0
2024-10-29 23:38:39.452 [restartedMain] INFO  liquibase.util - -------------------------------
2024-10-29 23:38:39.452 [restartedMain] INFO  liquibase.util - Total change sets:           11
2024-10-29 23:38:39.452 [restartedMain] INFO  liquibase.util - Update summary generated
2024-10-29 23:38:39.455 [restartedMain] INFO  liquibase.lockservice - Successfully released change log lock
2024-10-29 23:38:39.456 [restartedMain] INFO  liquibase.command - Command execution complete
2024-10-29 23:38:39.486 [restartedMain] INFO  o.h.jpa.internal.util.LogHelper - HHH000204: Processing PersistenceUnitInfo [name: default]
2024-10-29 23:38:39.489 [restartedMain] INFO  o.h.c.i.RegionFactoryInitiator - HHH000026: Second-level cache disabled
2024-10-29 23:38:39.499 [restartedMain] INFO  o.s.o.j.p.SpringPersistenceUnitInfo - No LoadTimeWeaver setup: ignoring JPA class transformer
2024-10-29 23:38:39.500 [restartedMain] INFO  com.zaxxer.hikari.HikariDataSource - HikariPool-2 - Starting...
2024-10-29 23:38:39.515 [restartedMain] INFO  com.zaxxer.hikari.pool.HikariPool - HikariPool-2 - Added connection com.mysql.cj.jdbc.ConnectionImpl@16b3ef93
2024-10-29 23:38:39.515 [restartedMain] INFO  com.zaxxer.hikari.HikariDataSource - HikariPool-2 - Start completed.
2024-10-29 23:38:39.588 [restartedMain] INFO  o.h.e.t.j.p.i.JtaPlatformInitiator - HHH000489: No JTA platform available (set 'hibernate.transaction.jta.platform' to enable JTA platform integration)
2024-10-29 23:38:39.598 [restartedMain] INFO  o.s.o.j.LocalContainerEntityManagerFactoryBean - Initialized JPA EntityManagerFactory for persistence unit 'default'
2024-10-29 23:38:39.884 [restartedMain] WARN  o.s.b.a.o.j.JpaBaseConfiguration$JpaWebConfiguration - spring.jpa.open-in-view is enabled by default. Therefore, database queries may be performed during view rendering. Explicitly configure spring.jpa.open-in-view to disable this warning
2024-10-29 23:38:39.904 [restartedMain] INFO  o.s.s.c.a.a.c.InitializeUserDetailsBeanManagerConfigurer$InitializeUserDetailsManagerConfigurer - Global AuthenticationManager configured with UserDetailsService bean with name userDetailsService
2024-10-29 23:38:40.060 [restartedMain] INFO  o.s.b.a.e.web.EndpointLinksResolver - Exposing 1 endpoint beneath base path '/actuator'
2024-10-29 23:38:40.098 [task-1] INFO  c.a.b.Service.Auth.AuthService - → AuthService.jwtDecoder() with argument[s]: []
2024-10-29 23:38:40.099 [task-2] INFO  c.a.b.Service.Auth.AuthService - ← AuthService.jwtDecoder() returned: com.app.boilerplate.Service.Auth.AuthService$$Lambda$2588/0x000001d2b1f6d058@55a545c0 (execution time: 0 ms)
2024-10-29 23:38:40.396 [restartedMain] INFO  o.s.b.d.a.OptionalLiveReloadServer - LiveReload server is running on port 35729
2024-10-29 23:38:40.416 [restartedMain] INFO  o.s.b.w.e.tomcat.TomcatWebServer - Tomcat started on port 8080 (http) with context path '/api'
2024-10-29 23:38:40.428 [restartedMain] INFO  c.a.b.BoilerplateApplication - Started BoilerplateApplication in 2.533 seconds (process running for 79.949)
2024-10-29 23:38:40.430 [restartedMain] INFO  o.s.b.d.a.ConditionEvaluationDeltaLoggingListener - Condition evaluation unchanged
2024-10-29 23:39:00.010 [task-3] INFO  c.a.b.Service.Token.TokenService - → TokenService.deleteExpiredTokens() with argument[s]: []
2024-10-29 23:39:00.014 [task-4] INFO  c.a.b.Service.Token.TokenService - ← TokenService.deleteExpiredTokens() returned: null (execution time: 4 ms)
2024-10-29 23:39:49.833 [SpringApplicationShutdownHook] INFO  o.s.o.j.LocalContainerEntityManagerFactoryBean - Closing JPA EntityManagerFactory for persistence unit 'default'
2024-10-29 23:39:49.834 [SpringApplicationShutdownHook] INFO  com.zaxxer.hikari.HikariDataSource - HikariPool-2 - Shutdown initiated...
2024-10-29 23:39:49.844 [SpringApplicationShutdownHook] INFO  com.zaxxer.hikari.HikariDataSource - HikariPool-2 - Shutdown completed.
